\BOOKMARK [1][-]{section.1}{\376\377\000I\000n\000t\000r\000o\000d\000u\000c\000t\000i\000o\000n}{}% 1
\BOOKMARK [2][-]{subsection.1.1}{\376\377\000W\000o\000r\000d\000\040\000E\000m\000b\000e\000d\000d\000i\000n\000g\000s}{section.1}% 2
\BOOKMARK [1][-]{section.2}{\376\377\000M\000e\000t\000h\000o\000d\000o\000l\000o\000g\000y}{}% 3
\BOOKMARK [2][-]{subsection.2.1}{\376\377\000P\000r\000o\000b\000l\000e\000m\000s\000\040\000i\000n\000\040\000S\000a\000m\000p\000l\000i\000n\000g}{section.2}% 4
\BOOKMARK [2][-]{subsection.2.2}{\376\377\000G\000r\000a\000d\000i\000e\000n\000t\000-\000b\000a\000s\000e\000d\000\040\000S\000a\000m\000p\000l\000i\000n\000g}{section.2}% 5
\BOOKMARK [2][-]{subsection.2.3}{\376\377\000F\000a\000i\000t\000h\000f\000u\000l\000n\000e\000s\000s\000\040\000o\000f\000\040\000G\000r\000a\000d\000i\000e\000n\000t\000-\000b\000a\000s\000e\000d\000\040\000T\000e\000x\000t\000\040\000S\000a\000m\000p\000l\000e\000r\000s}{section.2}% 6
\BOOKMARK [1][-]{section.3}{\376\377\000L\000a\000n\000g\000e\000v\000i\000n\000\040\000M\000C\000M\000C}{}% 7
\BOOKMARK [1][-]{section.4}{\376\377\000C\000o\000n\000s\000t\000r\000a\000i\000n\000e\000d\000\040\000D\000e\000c\000o\000d\000i\000n\000g\000\040\000w\000i\000t\000h\000\040\000L\000a\000n\000g\000e\000v\000i\000n\000\040\000D\000y\000n\000a\000m\000i\000c\000s\000\040\000\050\000C\000O\000L\000D\000\051}{}% 8
\BOOKMARK [2][-]{subsection.4.1}{\376\377\000C\000o\000n\000s\000t\000r\000a\000i\000n\000t\000s}{section.4}% 9
\BOOKMARK [3][-]{subsubsection.4.1.1}{\376\377\000S\000o\000f\000t\000\040\000C\000o\000n\000s\000t\000r\000a\000i\000n\000t\000s}{subsection.4.1}% 10
\BOOKMARK [3][-]{subsubsection.4.1.2}{\376\377\000F\000u\000t\000u\000r\000e\000-\000t\000o\000k\000e\000n\000\040\000P\000r\000e\000d\000i\000c\000t\000i\000o\000n\000\040\000C\000o\000n\000s\000t\000r\000a\000i\000n\000t}{subsection.4.1}% 11
\BOOKMARK [3][-]{subsubsection.4.1.3}{\376\377\000N\000-\000g\000r\000a\000m\000\040\000S\000i\000m\000i\000l\000a\000r\000i\000t\000y\000\040\000C\000o\000n\000s\000t\000r\000a\000i\000n\000t}{subsection.4.1}% 12
\BOOKMARK [2][-]{subsection.4.2}{\376\377\000F\000r\000o\000m\000\040\000S\000o\000f\000t\000\040\000t\000o\000\040\000D\000i\000s\000c\000r\000e\000t\000e\000\040\000a\000n\000d\000\040\000F\000l\000u\000e\000n\000t\000\040\000T\000e\000x\000t}{section.4}% 13
\BOOKMARK [2][-]{subsection.4.3}{\376\377\000I\000m\000p\000l\000e\000m\000e\000n\000t\000a\000t\000i\000o\000n\000\040\000o\000f\000\040\000C\000O\000L\000D\000\040\000D\000e\000c\000o\000d\000i\000n\000g}{section.4}% 14
\BOOKMARK [2][-]{subsection.4.4}{\376\377\000I\000m\000p\000l\000e\000m\000e\000n\000t\000a\000t\000i\000o\000n\000\040\000D\000e\000t\000a\000i\000l\000s}{section.4}% 15
\BOOKMARK [2][-]{subsection.4.5}{\376\377\000P\000r\000o\000b\000l\000e\000m\000s\000\040\000i\000n\000\040\000t\000h\000e\000i\000r\000\040\000I\000m\000p\000l\000e\000m\000e\000n\000t\000a\000t\000i\000o\000n}{section.4}% 16
\BOOKMARK [2][-]{subsection.4.6}{\376\377\000L\000o\000s\000s\000\040\000C\000o\000m\000p\000u\000t\000a\000t\000i\000o\000n\000\040\000O\000v\000e\000r\000v\000i\000e\000w}{section.4}% 17
\BOOKMARK [3][-]{subsubsection.4.6.1}{\376\377\000L\000o\000s\000s\000\040\000C\000o\000m\000p\000o\000n\000e\000n\000t\000s}{subsection.4.6}% 18
\BOOKMARK [3][-]{subsubsection.4.6.2}{\376\377\000T\000o\000t\000a\000l\000\040\000L\000o\000s\000s\000\040\000C\000o\000m\000p\000u\000t\000a\000t\000i\000o\000n}{subsection.4.6}% 19
\BOOKMARK [1][-]{section.5}{\376\377\000M\000u\000l\000t\000i\000p\000l\000e\000\040\000C\000o\000n\000s\000t\000r\000a\000i\000n\000t\000s\000\040\000f\000r\000o\000m\000\040\000L\000M\000s\000\040\000u\000s\000i\000n\000g\000\040\000L\000a\000n\000g\000e\000v\000i\000n\000\040\000D\000y\000n\000a\000m\000i\000c\000s\000\040\000\050\000M\000u\000C\000o\000L\000a\000\051}{}% 20
\BOOKMARK [2][-]{subsection.5.1}{\376\377\000T\000o\000y\000\040\000E\000x\000a\000m\000p\000l\000e\000:\000\040\000E\000n\000e\000r\000g\000y\000-\000B\000a\000s\000e\000d\000\040\000L\000a\000n\000g\000u\000a\000g\000e\000\040\000M\000o\000d\000e\000l}{section.5}% 21
